sankyo@sankyo-FRONTIER:~/Sachin Files/01 NIST - AEM979/NIST Projects/2026/BuildLogDashboard$ "/home/sankyo/Sachin Files/01 NIST - AEM979/NIST Projects/2026/BuildLogDashboard/publish/BuildLogDashboard"
Unhandled exception. System.NotSupportedException: Unsupported IBinding implementation 'Markdown.Avalonia.Extensions.StaticBinding'.
   at Avalonia.Data.Core.MultiBindingExpression.StartCore()
   at Avalonia.Data.Core.UntypedBindingExpressionBase.Start(Boolean produceValue)
   at Avalonia.Data.Core.UntypedBindingExpressionBase.Avalonia.PropertyStore.IValueEntry.HasValue()
   at Avalonia.PropertyStore.ValueStore.ReevaluateEffectiveValues(IValueEntry changedValueEntry)
   at Avalonia.StyledElement.ApplyStyling()
   at Avalonia.StyledElement.OnAttachedToLogicalTreeCore(LogicalTreeAttachmentEventArgs e)
   at Avalonia.StyledElement.OnAttachedToLogicalTreeCore(LogicalTreeAttachmentEventArgs e)
   at Avalonia.StyledElement.OnAttachedToLogicalTreeCore(LogicalTreeAttachmentEventArgs e)
   at Avalonia.StyledElement.OnAttachedToLogicalTreeCore(LogicalTreeAttachmentEventArgs e)
   at Avalonia.StyledElement.OnAttachedToLogicalTreeCore(LogicalTreeAttachmentEventArgs e)
   at Avalonia.StyledElement.OnAttachedToLogicalTreeCore(LogicalTreeAttachmentEventArgs e)
   at Avalonia.StyledElement.Avalonia.Controls.ISetLogicalParent.SetParent(ILogical parent)
   at Avalonia.StyledElement.SetLogicalParent(IList children)
   at Avalonia.Visual.LogicalChildrenCollectionChanged(Object sender, NotifyCollectionChangedEventArgs e)
   at Avalonia.Controls.ContentControl.ContentChanged(AvaloniaPropertyChangedEventArgs e)
   at Avalonia.Controls.ScrollViewer.OnPropertyChanged(AvaloniaPropertyChangedEventArgs change)
   at Avalonia.Animation.Animatable.OnPropertyChangedCore(AvaloniaPropertyChangedEventArgs change)
   at Avalonia.AvaloniaObject.RaisePropertyChanged[T](AvaloniaProperty`1 property, Optional`1 oldValue, BindingValue`1 newValue, BindingPriority priority, Boolean isEffectiveValue)
   at Avalonia.PropertyStore.EffectiveValue`1.NotifyValueChanged(ValueStore owner, StyledProperty`1 property, T oldValue)
   at Avalonia.PropertyStore.EffectiveValue`1.SetAndRaiseCore(ValueStore owner, StyledProperty`1 property, T value, BindingPriority priority, Boolean isOverriddenCurrentValue, Boolean isCoercedDefaultValue)
   at Avalonia.PropertyStore.ValueStore.SetLocalValue[T](StyledProperty`1 property, T value)
   at Avalonia.PropertyStore.ValueStore.SetValue[T](StyledProperty`1 property, T value, BindingPriority priority)
   at Avalonia.Controls.ContentControl.set_Content(Object value)
   at Markdown.Avalonia.MarkdownScrollViewer.UpdateMarkdown()
   at Markdown.Avalonia.MarkdownScrollViewer.set_Markdown(String value)
   at BuildLogDashboard.Views.ExportPreviewWindow.SetPreviewContent(String markdownContent, String exportType, String defaultFilePath, String fileExtension) in /home/sankyo/Sachin Files/01 NIST - AEM979/NIST Projects/2026/BuildLogDashboard/src/BuildLogDashboard/Views/ExportPreviewWindow.axaml.cs:line 25
   at BuildLogDashboard.ViewModels.MainWindowViewModel.ExportPdfAsync() in /home/sankyo/Sachin Files/01 NIST - AEM979/NIST Projects/2026/BuildLogDashboard/src/BuildLogDashboard/ViewModels/MainWindowViewModel.cs:line 450
   at CommunityToolkit.Mvvm.Input.AsyncRelayCommand.AwaitAndThrowIfFailed(Task executionTask)
   at System.Threading.Tasks.Task.<>c.<ThrowAsync>b__128_0(Object state)
   at Avalonia.Threading.SendOrPostCallbackDispatcherOperation.InvokeCore()
   at Avalonia.Threading.DispatcherOperation.Execute()
   at Avalonia.Threading.Dispatcher.ExecuteJob(DispatcherOperation job)
   at Avalonia.Threading.Dispatcher.ExecuteJobsCore(Boolean fromExplicitBackgroundProcessingCallback)
   at Avalonia.Threading.Dispatcher.Signaled()
   at Avalonia.X11.X11PlatformThreading.CheckSignaled()
   at Avalonia.X11.X11PlatformThreading.RunLoop(CancellationToken cancellationToken)
   at Avalonia.Threading.DispatcherFrame.Run(IControlledDispatcherImpl impl)
   at Avalonia.Threading.Dispatcher.PushFrame(DispatcherFrame frame)
   at Avalonia.Threading.Dispatcher.MainLoop(CancellationToken cancellationToken)
   at Avalonia.Controls.ApplicationLifetimes.ClassicDesktopStyleApplicationLifetime.StartCore(String[] args)
   at Avalonia.Controls.ApplicationLifetimes.ClassicDesktopStyleApplicationLifetime.Start(String[] args)
   at Avalonia.ClassicDesktopStyleApplicationLifetimeExtensions.StartWithClassicDesktopLifetime(AppBuilder builder, String[] args, Action`1 lifetimeBuilder)
   at BuildLogDashboard.Program.Main(String[] args) in /home/sankyo/Sachin Files/01 NIST - AEM979/NIST Projects/2026/BuildLogDashboard/src/BuildLogDashboard/Program.cs:line 12
Aborted (core dumped)
sankyo@sankyo-FRONTIER:~/Sachin Files/01 NIST - AEM979/NIST Projects/2026/BuildLogDashboard$ 
